{
  "RSpec": {
    "coverage": {
      "/Users/jaw/Turing/3module/projects/sweater-weather/app/models/user.rb": [
        1,
        1,
        1,
        1,
        null,
        1,
        null
      ],
      "/Users/jaw/Turing/3module/projects/sweater-weather/app/models/application_record.rb": [
        1,
        1,
        null
      ],
      "/Users/jaw/Turing/3module/projects/sweater-weather/spec/requests/api/v1/forecast_spec.rb": [
        1,
        null,
        1,
        1,
        1,
        1,
        1,
        null,
        1,
        null,
        1,
        null,
        1,
        1,
        1,
        null,
        null,
        null,
        null
      ],
      "/Users/jaw/Turing/3module/projects/sweater-weather/spec/requests/api/v1/user_spec.rb": [
        1,
        null,
        1,
        1,
        1,
        null,
        1,
        null,
        null,
        null,
        null,
        null,
        1,
        null,
        1,
        1,
        null,
        null,
        null
      ],
      "/Users/jaw/Turing/3module/projects/sweater-weather/app/controllers/api/v1/forecast_controller.rb": [
        1,
        null,
        1,
        1,
        1,
        null,
        null
      ],
      "/Users/jaw/Turing/3module/projects/sweater-weather/app/controllers/application_controller.rb": [
        1,
        null
      ],
      "/Users/jaw/Turing/3module/projects/sweater-weather/app/facades/dark_sky_facade.rb": [
        1,
        null,
        1,
        1,
        null,
        null,
        1,
        1,
        null,
        null,
        1,
        null,
        1,
        null,
        1,
        1,
        1,
        null,
        null,
        1,
        1,
        1,
        null,
        null,
        1,
        1,
        null,
        null
      ],
      "/Users/jaw/Turing/3module/projects/sweater-weather/app/serializers/forecast_serializer.rb": [
        1,
        1,
        1,
        null,
        1,
        1,
        8,
        null,
        null,
        null,
        1,
        1,
        49,
        null,
        null,
        null,
        1,
        1,
        null,
        null
      ],
      "/Users/jaw/Turing/3module/projects/sweater-weather/app/services/dark_sky_service.rb": [
        1,
        null,
        1,
        1,
        1,
        null,
        null,
        1,
        1,
        1,
        null,
        null,
        1,
        null,
        1,
        null,
        1,
        1,
        1,
        null,
        null,
        1,
        1,
        null,
        1,
        null,
        null,
        null,
        null,
        null
      ],
      "/Users/jaw/Turing/3module/projects/sweater-weather/app/models/forecast.rb": [
        1,
        1,
        null,
        1,
        1,
        1,
        1,
        1,
        null,
        null,
        1,
        1,
        8,
        null,
        null,
        null,
        1,
        1,
        49,
        null,
        null,
        null
      ],
      "/Users/jaw/Turing/3module/projects/sweater-weather/app/models/day.rb": [
        1,
        1,
        null,
        1,
        8,
        8,
        8,
        8,
        null,
        null
      ],
      "/Users/jaw/Turing/3module/projects/sweater-weather/app/models/hour.rb": [
        1,
        1,
        null,
        1,
        49,
        49,
        49,
        null,
        null
      ],
      "/Users/jaw/Turing/3module/projects/sweater-weather/app/models/current.rb": [
        1,
        1,
        null,
        null,
        null,
        null,
        null,
        null,
        null,
        1,
        1,
        1,
        1,
        1,
        1,
        1,
        1,
        null,
        null,
        null
      ],
      "/Users/jaw/Turing/3module/projects/sweater-weather/app/controllers/api/v1/users_controller.rb": [
        1,
        null,
        1,
        1,
        1,
        1,
        1,
        null,
        null,
        null,
        1,
        null,
        1,
        1,
        null,
        null
      ],
      "/Users/jaw/Turing/3module/projects/sweater-weather/app/serializers/user_serializer.rb": [
        1,
        1,
        1,
        null
      ]
    },
    "timestamp": 1546560197
  }
}
